<?xml version="1.0" encoding="UTF-8"?>
<testng-results ignored="0" total="1" passed="1" failed="0" skipped="0">
  <reporter-output>
    <line>
      <![CDATA[testCreateCustomer]]>
    </line>
  </reporter-output>
  <suite started-at="2023-06-07T04:12:43Z" name="Suite" finished-at="2023-06-07T04:12:43Z" duration-ms="88">
    <groups>
    </groups>
    <test started-at="2023-06-07T04:12:43Z" name="Test" finished-at="2023-06-07T04:12:43Z" duration-ms="88">
      <class name="com.actitime.testscript.CostomerModule">
        <test-method signature="testCreateCustomer()[pri:0, instance:com.actitime.testscript.CostomerModule@78e4deb0]" started-at="2023-06-07T04:12:43Z" name="testCreateCustomer" finished-at="2023-06-07T04:12:43Z" duration-ms="31" status="PASS">
          <reporter-output>
            <line>
              <![CDATA[testCreateCustomer]]>
            </line>
          </reporter-output>
        </test-method> <!-- testCreateCustomer -->
      </class> <!-- com.actitime.testscript.CostomerModule -->
    </test> <!-- Test -->
  </suite> <!-- Suite -->
</testng-results>
