<?xml version="1.0" encoding="UTF-8"?>
<testng-results ignored="0" total="1" passed="1" failed="0" skipped="0">
  <reporter-output>
    <line>
      <![CDATA[ashdsadj]]>
    </line>
  </reporter-output>
  <suite started-at="2023-06-07T13:54:16 IST" name="Suite" finished-at="2023-06-07T13:54:24 IST" duration-ms="7853">
    <groups>
    </groups>
    <test started-at="2023-06-07T13:54:16 IST" name="Test" finished-at="2023-06-07T13:54:24 IST" duration-ms="7853">
      <class name="com.actitime.testscript.CustomerModule">
        <test-method signature="createCust()[pri:0, instance:com.actitime.testscript.CustomerModule@20deea7f]" started-at="2023-06-07T13:54:16 IST" name="createCust" finished-at="2023-06-07T13:54:24 IST" duration-ms="7770" status="PASS">
          <reporter-output>
            <line>
              <![CDATA[ashdsadj]]>
            </line>
          </reporter-output>
        </test-method> <!-- createCust -->
      </class> <!-- com.actitime.testscript.CustomerModule -->
    </test> <!-- Test -->
  </suite> <!-- Suite -->
</testng-results>
